  源.cpp
e:\代码集合\数据结构合集\停车场管理优化项目1.0\停车场管理优化项目1.0\源.cpp(42): warning C4996: 'strcpy': This function or variable may be unsafe. Consider using strcpy_s instead. To disable deprecation, use _CRT_SECURE_NO_WARNINGS. See online help for details.
  c:\program files (x86)\windows kits\10\include\10.0.14393.0\ucrt\string.h(129): note: 参见“strcpy”的声明
e:\代码集合\数据结构合集\停车场管理优化项目1.0\停车场管理优化项目1.0\源.cpp(79): warning C4996: 'strcpy': This function or variable may be unsafe. Consider using strcpy_s instead. To disable deprecation, use _CRT_SECURE_NO_WARNINGS. See online help for details.
  c:\program files (x86)\windows kits\10\include\10.0.14393.0\ucrt\string.h(129): note: 参见“strcpy”的声明
e:\代码集合\数据结构合集\停车场管理优化项目1.0\停车场管理优化项目1.0\源.cpp(114): warning C4996: 'strcpy': This function or variable may be unsafe. Consider using strcpy_s instead. To disable deprecation, use _CRT_SECURE_NO_WARNINGS. See online help for details.
  c:\program files (x86)\windows kits\10\include\10.0.14393.0\ucrt\string.h(129): note: 参见“strcpy”的声明
e:\代码集合\数据结构合集\停车场管理优化项目1.0\停车场管理优化项目1.0\源.cpp(145): warning C4996: 'strcpy': This function or variable may be unsafe. Consider using strcpy_s instead. To disable deprecation, use _CRT_SECURE_NO_WARNINGS. See online help for details.
  c:\program files (x86)\windows kits\10\include\10.0.14393.0\ucrt\string.h(129): note: 参见“strcpy”的声明
e:\代码集合\数据结构合集\停车场管理优化项目1.0\停车场管理优化项目1.0\源.cpp(207): warning C4101: “D1”: 未引用的局部变量
e:\代码集合\数据结构合集\停车场管理优化项目1.0\停车场管理优化项目1.0\源.cpp(368): warning C4996: 'scanf': This function or variable may be unsafe. Consider using scanf_s instead. To disable deprecation, use _CRT_SECURE_NO_WARNINGS. See online help for details.
  c:\program files (x86)\windows kits\10\include\10.0.14393.0\ucrt\stdio.h(1269): note: 参见“scanf”的声明
e:\代码集合\数据结构合集\停车场管理优化项目1.0\停车场管理优化项目1.0\源.cpp(374): warning C4996: 'scanf': This function or variable may be unsafe. Consider using scanf_s instead. To disable deprecation, use _CRT_SECURE_NO_WARNINGS. See online help for details.
  c:\program files (x86)\windows kits\10\include\10.0.14393.0\ucrt\stdio.h(1269): note: 参见“scanf”的声明
e:\代码集合\数据结构合集\停车场管理优化项目1.0\停车场管理优化项目1.0\源.cpp(379): warning C4996: 'scanf': This function or variable may be unsafe. Consider using scanf_s instead. To disable deprecation, use _CRT_SECURE_NO_WARNINGS. See online help for details.
  c:\program files (x86)\windows kits\10\include\10.0.14393.0\ucrt\stdio.h(1269): note: 参见“scanf”的声明
e:\代码集合\数据结构合集\停车场管理优化项目1.0\停车场管理优化项目1.0\源.cpp(437): warning C4996: 'scanf': This function or variable may be unsafe. Consider using scanf_s instead. To disable deprecation, use _CRT_SECURE_NO_WARNINGS. See online help for details.
  c:\program files (x86)\windows kits\10\include\10.0.14393.0\ucrt\stdio.h(1269): note: 参见“scanf”的声明
e:\代码集合\数据结构合集\停车场管理优化项目1.0\停车场管理优化项目1.0\源.cpp(442): warning C4996: 'scanf': This function or variable may be unsafe. Consider using scanf_s instead. To disable deprecation, use _CRT_SECURE_NO_WARNINGS. See online help for details.
  c:\program files (x86)\windows kits\10\include\10.0.14393.0\ucrt\stdio.h(1269): note: 参见“scanf”的声明
e:\代码集合\数据结构合集\停车场管理优化项目1.0\停车场管理优化项目1.0\源.cpp(513): warning C4996: 'scanf': This function or variable may be unsafe. Consider using scanf_s instead. To disable deprecation, use _CRT_SECURE_NO_WARNINGS. See online help for details.
  c:\program files (x86)\windows kits\10\include\10.0.14393.0\ucrt\stdio.h(1269): note: 参见“scanf”的声明
e:\代码集合\数据结构合集\停车场管理优化项目1.0\停车场管理优化项目1.0\源.cpp(519): warning C4996: 'scanf': This function or variable may be unsafe. Consider using scanf_s instead. To disable deprecation, use _CRT_SECURE_NO_WARNINGS. See online help for details.
  c:\program files (x86)\windows kits\10\include\10.0.14393.0\ucrt\stdio.h(1269): note: 参见“scanf”的声明
e:\代码集合\数据结构合集\停车场管理优化项目1.0\停车场管理优化项目1.0\源.cpp(524): warning C4996: 'scanf': This function or variable may be unsafe. Consider using scanf_s instead. To disable deprecation, use _CRT_SECURE_NO_WARNINGS. See online help for details.
  c:\program files (x86)\windows kits\10\include\10.0.14393.0\ucrt\stdio.h(1269): note: 参见“scanf”的声明
e:\代码集合\数据结构合集\停车场管理优化项目1.0\停车场管理优化项目1.0\源.cpp(582): warning C4996: 'scanf': This function or variable may be unsafe. Consider using scanf_s instead. To disable deprecation, use _CRT_SECURE_NO_WARNINGS. See online help for details.
  c:\program files (x86)\windows kits\10\include\10.0.14393.0\ucrt\stdio.h(1269): note: 参见“scanf”的声明
e:\代码集合\数据结构合集\停车场管理优化项目1.0\停车场管理优化项目1.0\源.cpp(587): warning C4996: 'scanf': This function or variable may be unsafe. Consider using scanf_s instead. To disable deprecation, use _CRT_SECURE_NO_WARNINGS. See online help for details.
  c:\program files (x86)\windows kits\10\include\10.0.14393.0\ucrt\stdio.h(1269): note: 参见“scanf”的声明
e:\代码集合\数据结构合集\停车场管理优化项目1.0\停车场管理优化项目1.0\源.cpp(106): warning C4715: “InitQueue”: 不是所有的控件路径都返回值
e:\代码集合\数据结构合集\停车场管理优化项目1.0\停车场管理优化项目1.0\源.cpp(243): warning C4700: 使用了未初始化的局部变量“D”
  停车场管理优化项目1.0.vcxproj -> E:\代码集合\数据结构合集\停车场管理优化项目1.0\Debug\停车场管理优化项目1.0.exe
  停车场管理优化项目1.0.vcxproj -> E:\代码集合\数据结构合集\停车场管理优化项目1.0\Debug\停车场管理优化项目1.0.pdb (Partial PDB)
